[0.138s] DEBUG:colcon:Command line arguments: ['/usr/bin/colcon', 'build', '--packages-select', 'test-com-package']
[0.138s] DEBUG:colcon:Parsed command line arguments: Namespace(log_base=None, log_level=None, verb_name='build', build_base='build', install_base='install', merge_install=False, symlink_install=False, test_result_base=None, continue_on_error=False, executor='parallel', parallel_workers=4, event_handlers=None, ignore_user_meta=False, metas=['./colcon.meta'], base_paths=['.'], packages_ignore=None, packages_ignore_regex=None, paths=None, packages_up_to=None, packages_up_to_regex=None, packages_above=None, packages_above_and_dependencies=None, packages_above_depth=None, packages_select_by_dep=None, packages_skip_by_dep=None, packages_skip_up_to=None, packages_select_build_failed=False, packages_skip_build_finished=False, packages_select_test_failures=False, packages_skip_test_passed=False, packages_select=['test-com-package'], packages_skip=None, packages_select_regex=None, packages_skip_regex=None, packages_start=None, packages_end=None, allow_overriding=[], cmake_args=None, cmake_target=None, cmake_target_skip_unavailable=False, cmake_clean_cache=False, cmake_clean_first=False, cmake_force_configure=False, ament_cmake_args=None, catkin_cmake_args=None, catkin_skip_building_tests=False, verb_parser=<colcon_defaults.argument_parser.defaults.DefaultArgumentsDecorator object at 0xffffb9d00830>, verb_extension=<colcon_core.verb.build.BuildVerb object at 0xffffbae53020>, main=<bound method BuildVerb.main of <colcon_core.verb.build.BuildVerb object at 0xffffbae53020>>)
[0.194s] Level 1:colcon.colcon_core.package_discovery:discover_packages(colcon_meta) check parameters
[0.194s] Level 1:colcon.colcon_core.package_discovery:discover_packages(recursive) check parameters
[0.194s] Level 1:colcon.colcon_core.package_discovery:discover_packages(ignore) check parameters
[0.194s] Level 1:colcon.colcon_core.package_discovery:discover_packages(path) check parameters
[0.194s] Level 1:colcon.colcon_core.package_discovery:discover_packages(colcon_meta) discover
[0.195s] Level 1:colcon.colcon_core.package_discovery:discover_packages(recursive) discover
[0.195s] INFO:colcon.colcon_core.package_discovery:Crawling recursively for packages in '/home/mini4ev/mini4ev-pro'
[0.195s] Level 1:colcon.colcon_core.package_identification:_identify(.) by extensions ['ignore', 'ignore_ament_install']
[0.195s] Level 1:colcon.colcon_core.package_identification:_identify(.) by extension 'ignore'
[0.195s] Level 1:colcon.colcon_core.package_identification:_identify(.) by extension 'ignore_ament_install'
[0.195s] Level 1:colcon.colcon_core.package_identification:_identify(.) by extensions ['colcon_pkg']
[0.195s] Level 1:colcon.colcon_core.package_identification:_identify(.) by extension 'colcon_pkg'
[0.195s] Level 1:colcon.colcon_core.package_identification:_identify(.) by extensions ['colcon_meta']
[0.195s] Level 1:colcon.colcon_core.package_identification:_identify(.) by extension 'colcon_meta'
[0.195s] Level 1:colcon.colcon_core.package_identification:_identify(.) by extensions ['ros']
[0.195s] Level 1:colcon.colcon_core.package_identification:_identify(.) by extension 'ros'
[0.234s] Level 1:colcon.colcon_core.package_identification:_identify(.) by extensions ['cmake', 'python']
[0.234s] Level 1:colcon.colcon_core.package_identification:_identify(.) by extension 'cmake'
[0.235s] Level 1:colcon.colcon_core.package_identification:_identify(.) by extension 'python'
[0.235s] Level 1:colcon.colcon_core.package_identification:_identify(.) by extensions ['python_setup_py']
[0.235s] Level 1:colcon.colcon_core.package_identification:_identify(.) by extension 'python_setup_py'
[0.235s] Level 1:colcon.colcon_core.package_identification:_identify(build) by extensions ['ignore', 'ignore_ament_install']
[0.235s] Level 1:colcon.colcon_core.package_identification:_identify(build) by extension 'ignore'
[0.235s] Level 1:colcon.colcon_core.package_identification:_identify(build) ignored
[0.235s] Level 1:colcon.colcon_core.package_identification:_identify(install) by extensions ['ignore', 'ignore_ament_install']
[0.236s] Level 1:colcon.colcon_core.package_identification:_identify(install) by extension 'ignore'
[0.236s] Level 1:colcon.colcon_core.package_identification:_identify(install) ignored
[0.236s] Level 1:colcon.colcon_core.package_identification:_identify(log) by extensions ['ignore', 'ignore_ament_install']
[0.236s] Level 1:colcon.colcon_core.package_identification:_identify(log) by extension 'ignore'
[0.236s] Level 1:colcon.colcon_core.package_identification:_identify(log) ignored
[0.236s] Level 1:colcon.colcon_core.package_identification:_identify(src) by extensions ['ignore', 'ignore_ament_install']
[0.236s] Level 1:colcon.colcon_core.package_identification:_identify(src) by extension 'ignore'
[0.236s] Level 1:colcon.colcon_core.package_identification:_identify(src) by extension 'ignore_ament_install'
[0.236s] Level 1:colcon.colcon_core.package_identification:_identify(src) by extensions ['colcon_pkg']
[0.236s] Level 1:colcon.colcon_core.package_identification:_identify(src) by extension 'colcon_pkg'
[0.236s] Level 1:colcon.colcon_core.package_identification:_identify(src) by extensions ['colcon_meta']
[0.236s] Level 1:colcon.colcon_core.package_identification:_identify(src) by extension 'colcon_meta'
[0.236s] Level 1:colcon.colcon_core.package_identification:_identify(src) by extensions ['ros']
[0.236s] Level 1:colcon.colcon_core.package_identification:_identify(src) by extension 'ros'
[0.237s] Level 1:colcon.colcon_core.package_identification:_identify(src) by extensions ['cmake', 'python']
[0.237s] Level 1:colcon.colcon_core.package_identification:_identify(src) by extension 'cmake'
[0.237s] Level 1:colcon.colcon_core.package_identification:_identify(src) by extension 'python'
[0.237s] Level 1:colcon.colcon_core.package_identification:_identify(src) by extensions ['python_setup_py']
[0.237s] Level 1:colcon.colcon_core.package_identification:_identify(src) by extension 'python_setup_py'
[0.237s] Level 1:colcon.colcon_core.package_identification:_identify(src/build) by extensions ['ignore', 'ignore_ament_install']
[0.237s] Level 1:colcon.colcon_core.package_identification:_identify(src/build) by extension 'ignore'
[0.237s] Level 1:colcon.colcon_core.package_identification:_identify(src/build) ignored
[0.237s] Level 1:colcon.colcon_core.package_identification:_identify(src/install) by extensions ['ignore', 'ignore_ament_install']
[0.237s] Level 1:colcon.colcon_core.package_identification:_identify(src/install) by extension 'ignore'
[0.237s] Level 1:colcon.colcon_core.package_identification:_identify(src/install) ignored
[0.237s] Level 1:colcon.colcon_core.package_identification:_identify(src/log) by extensions ['ignore', 'ignore_ament_install']
[0.238s] Level 1:colcon.colcon_core.package_identification:_identify(src/log) by extension 'ignore'
[0.238s] Level 1:colcon.colcon_core.package_identification:_identify(src/log) ignored
[0.238s] Level 1:colcon.colcon_core.package_identification:_identify(src/steering-node) by extensions ['ignore', 'ignore_ament_install']
[0.238s] Level 1:colcon.colcon_core.package_identification:_identify(src/steering-node) by extension 'ignore'
[0.238s] Level 1:colcon.colcon_core.package_identification:_identify(src/steering-node) by extension 'ignore_ament_install'
[0.238s] Level 1:colcon.colcon_core.package_identification:_identify(src/steering-node) by extensions ['colcon_pkg']
[0.238s] Level 1:colcon.colcon_core.package_identification:_identify(src/steering-node) by extension 'colcon_pkg'
[0.238s] Level 1:colcon.colcon_core.package_identification:_identify(src/steering-node) by extensions ['colcon_meta']
[0.238s] Level 1:colcon.colcon_core.package_identification:_identify(src/steering-node) by extension 'colcon_meta'
[0.238s] Level 1:colcon.colcon_core.package_identification:_identify(src/steering-node) by extensions ['ros']
[0.238s] Level 1:colcon.colcon_core.package_identification:_identify(src/steering-node) by extension 'ros'
[0.242s] DEBUG:colcon.colcon_core.package_identification:Package 'src/steering-node' with type 'ros.ament_cmake' and name 'steering-node'
[0.243s] Level 1:colcon.colcon_core.package_identification:_identify(src/test-com-package) by extensions ['ignore', 'ignore_ament_install']
[0.243s] Level 1:colcon.colcon_core.package_identification:_identify(src/test-com-package) by extension 'ignore'
[0.243s] Level 1:colcon.colcon_core.package_identification:_identify(src/test-com-package) by extension 'ignore_ament_install'
[0.243s] Level 1:colcon.colcon_core.package_identification:_identify(src/test-com-package) by extensions ['colcon_pkg']
[0.243s] Level 1:colcon.colcon_core.package_identification:_identify(src/test-com-package) by extension 'colcon_pkg'
[0.243s] Level 1:colcon.colcon_core.package_identification:_identify(src/test-com-package) by extensions ['colcon_meta']
[0.243s] Level 1:colcon.colcon_core.package_identification:_identify(src/test-com-package) by extension 'colcon_meta'
[0.243s] Level 1:colcon.colcon_core.package_identification:_identify(src/test-com-package) by extensions ['ros']
[0.243s] Level 1:colcon.colcon_core.package_identification:_identify(src/test-com-package) by extension 'ros'
[0.244s] DEBUG:colcon.colcon_core.package_identification:Package 'src/test-com-package' with type 'ros.ament_cmake' and name 'test-com-package'
[0.244s] Level 1:colcon.colcon_core.package_discovery:discover_packages(recursive) using defaults
[0.245s] Level 1:colcon.colcon_core.package_discovery:discover_packages(ignore) discover
[0.245s] Level 1:colcon.colcon_core.package_discovery:discover_packages(ignore) using defaults
[0.245s] Level 1:colcon.colcon_core.package_discovery:discover_packages(path) discover
[0.245s] Level 1:colcon.colcon_core.package_discovery:discover_packages(path) using defaults
[0.273s] INFO:colcon.colcon_core.package_selection:Skipping not selected package 'steering-node' in 'src/steering-node'
[0.273s] Level 1:colcon.colcon_core.package_discovery:discover_packages(prefix_path) check parameters
[0.273s] Level 1:colcon.colcon_core.package_discovery:discover_packages(prefix_path) discover
[0.275s] DEBUG:colcon.colcon_installed_package_information.package_discovery:Found 1 installed packages in /home/mini4ev/mini4ev-pro/install
[0.277s] DEBUG:colcon.colcon_installed_package_information.package_discovery:Found 285 installed packages in /opt/ros/jazzy
[0.279s] Level 1:colcon.colcon_core.package_discovery:discover_packages(prefix_path) using defaults
[0.338s] Level 5:colcon.colcon_core.verb:set package 'test-com-package' build argument 'cmake_args' from command line to 'None'
[0.338s] Level 5:colcon.colcon_core.verb:set package 'test-com-package' build argument 'cmake_target' from command line to 'None'
[0.338s] Level 5:colcon.colcon_core.verb:set package 'test-com-package' build argument 'cmake_target_skip_unavailable' from command line to 'False'
[0.338s] Level 5:colcon.colcon_core.verb:set package 'test-com-package' build argument 'cmake_clean_cache' from command line to 'False'
[0.338s] Level 5:colcon.colcon_core.verb:set package 'test-com-package' build argument 'cmake_clean_first' from command line to 'False'
[0.338s] Level 5:colcon.colcon_core.verb:set package 'test-com-package' build argument 'cmake_force_configure' from command line to 'False'
[0.338s] Level 5:colcon.colcon_core.verb:set package 'test-com-package' build argument 'ament_cmake_args' from command line to 'None'
[0.338s] Level 5:colcon.colcon_core.verb:set package 'test-com-package' build argument 'catkin_cmake_args' from command line to 'None'
[0.338s] Level 5:colcon.colcon_core.verb:set package 'test-com-package' build argument 'catkin_skip_building_tests' from command line to 'False'
[0.338s] DEBUG:colcon.colcon_core.verb:Building package 'test-com-package' with the following arguments: {'ament_cmake_args': None, 'build_base': '/home/mini4ev/mini4ev-pro/build/test-com-package', 'catkin_cmake_args': None, 'catkin_skip_building_tests': False, 'cmake_args': None, 'cmake_clean_cache': False, 'cmake_clean_first': False, 'cmake_force_configure': False, 'cmake_target': None, 'cmake_target_skip_unavailable': False, 'install_base': '/home/mini4ev/mini4ev-pro/install/test-com-package', 'merge_install': False, 'path': '/home/mini4ev/mini4ev-pro/src/test-com-package', 'symlink_install': False, 'test_result_base': None}
[0.338s] INFO:colcon.colcon_core.executor:Executing jobs using 'parallel' executor
[0.340s] DEBUG:colcon.colcon_parallel_executor.executor.parallel:run_until_complete
[0.340s] INFO:colcon.colcon_ros.task.ament_cmake.build:Building ROS package in '/home/mini4ev/mini4ev-pro/src/test-com-package' with build type 'ament_cmake'
[0.340s] INFO:colcon.colcon_cmake.task.cmake.build:Building CMake package in '/home/mini4ev/mini4ev-pro/src/test-com-package'
[0.343s] INFO:colcon.colcon_core.plugin_system:Skipping extension 'colcon_core.shell.bat': Not used on non-Windows systems
[0.343s] INFO:colcon.colcon_core.shell:Skip shell extension 'powershell' for command environment: Not usable outside of PowerShell
[0.343s] DEBUG:colcon.colcon_core.shell:Skip shell extension 'dsv' for command environment
[0.356s] DEBUG:colcon.colcon_core.event_handler.log_command:Invoking command in '/home/mini4ev/mini4ev-pro/build/test-com-package': CMAKE_PREFIX_PATH=${CMAKE_PREFIX_PATH}:/opt/ros/jazzy DEBUGINFOD_URLS=https://debuginfod.ubuntu.com /usr/bin/cmake --build /home/mini4ev/mini4ev-pro/build/test-com-package -- -j4 -l4
[14.386s] DEBUG:colcon.colcon_core.event_handler.log_command:Invoked command in '/home/mini4ev/mini4ev-pro/build/test-com-package' returned '0': CMAKE_PREFIX_PATH=${CMAKE_PREFIX_PATH}:/opt/ros/jazzy DEBUGINFOD_URLS=https://debuginfod.ubuntu.com /usr/bin/cmake --build /home/mini4ev/mini4ev-pro/build/test-com-package -- -j4 -l4
[14.405s] DEBUG:colcon.colcon_core.event_handler.log_command:Invoking command in '/home/mini4ev/mini4ev-pro/build/test-com-package': CMAKE_PREFIX_PATH=${CMAKE_PREFIX_PATH}:/opt/ros/jazzy DEBUGINFOD_URLS=https://debuginfod.ubuntu.com /usr/bin/cmake --install /home/mini4ev/mini4ev-pro/build/test-com-package
[14.435s] Level 1:colcon.colcon_core.environment:create_environment_scripts_only(test-com-package)
[14.435s] DEBUG:colcon.colcon_core.event_handler.log_command:Invoked command in '/home/mini4ev/mini4ev-pro/build/test-com-package' returned '0': CMAKE_PREFIX_PATH=${CMAKE_PREFIX_PATH}:/opt/ros/jazzy DEBUGINFOD_URLS=https://debuginfod.ubuntu.com /usr/bin/cmake --install /home/mini4ev/mini4ev-pro/build/test-com-package
[14.438s] Level 1:colcon.colcon_core.environment:checking '/home/mini4ev/mini4ev-pro/install/test-com-package' for CMake module files
[14.439s] Level 1:colcon.colcon_core.environment:checking '/home/mini4ev/mini4ev-pro/install/test-com-package' for CMake config files
[14.439s] Level 1:colcon.colcon_core.shell:create_environment_hook('test-com-package', 'cmake_prefix_path')
[14.439s] INFO:colcon.colcon_core.shell:Creating environment hook '/home/mini4ev/mini4ev-pro/install/test-com-package/share/test-com-package/hook/cmake_prefix_path.ps1'
[14.440s] INFO:colcon.colcon_core.shell:Creating environment descriptor '/home/mini4ev/mini4ev-pro/install/test-com-package/share/test-com-package/hook/cmake_prefix_path.dsv'
[14.441s] INFO:colcon.colcon_core.shell:Creating environment hook '/home/mini4ev/mini4ev-pro/install/test-com-package/share/test-com-package/hook/cmake_prefix_path.sh'
[14.442s] Level 1:colcon.colcon_core.environment:checking '/home/mini4ev/mini4ev-pro/install/test-com-package/lib'
[14.442s] Level 1:colcon.colcon_core.environment:checking '/home/mini4ev/mini4ev-pro/install/test-com-package/bin'
[14.442s] Level 1:colcon.colcon_core.environment:checking '/home/mini4ev/mini4ev-pro/install/test-com-package/lib/pkgconfig/test-com-package.pc'
[14.443s] Level 1:colcon.colcon_core.environment:checking '/home/mini4ev/mini4ev-pro/install/test-com-package/lib/python3.12/site-packages'
[14.443s] Level 1:colcon.colcon_core.environment:checking '/home/mini4ev/mini4ev-pro/install/test-com-package/bin'
[14.443s] INFO:colcon.colcon_core.shell:Creating package script '/home/mini4ev/mini4ev-pro/install/test-com-package/share/test-com-package/package.ps1'
[14.445s] INFO:colcon.colcon_core.shell:Creating package descriptor '/home/mini4ev/mini4ev-pro/install/test-com-package/share/test-com-package/package.dsv'
[14.445s] INFO:colcon.colcon_core.shell:Creating package script '/home/mini4ev/mini4ev-pro/install/test-com-package/share/test-com-package/package.sh'
[14.446s] INFO:colcon.colcon_core.shell:Creating package script '/home/mini4ev/mini4ev-pro/install/test-com-package/share/test-com-package/package.bash'
[14.447s] INFO:colcon.colcon_core.shell:Creating package script '/home/mini4ev/mini4ev-pro/install/test-com-package/share/test-com-package/package.zsh'
[14.448s] Level 1:colcon.colcon_core.environment:create_file_with_runtime_dependencies(/home/mini4ev/mini4ev-pro/install/test-com-package/share/colcon-core/packages/test-com-package)
[14.449s] Level 1:colcon.colcon_core.environment:create_environment_scripts_only(test-com-package)
[14.449s] Level 1:colcon.colcon_core.environment:checking '/home/mini4ev/mini4ev-pro/install/test-com-package' for CMake module files
[14.450s] Level 1:colcon.colcon_core.environment:checking '/home/mini4ev/mini4ev-pro/install/test-com-package' for CMake config files
[14.450s] Level 1:colcon.colcon_core.shell:create_environment_hook('test-com-package', 'cmake_prefix_path')
[14.450s] INFO:colcon.colcon_core.shell:Creating environment hook '/home/mini4ev/mini4ev-pro/install/test-com-package/share/test-com-package/hook/cmake_prefix_path.ps1'
[14.451s] INFO:colcon.colcon_core.shell:Creating environment descriptor '/home/mini4ev/mini4ev-pro/install/test-com-package/share/test-com-package/hook/cmake_prefix_path.dsv'
[14.451s] INFO:colcon.colcon_core.shell:Creating environment hook '/home/mini4ev/mini4ev-pro/install/test-com-package/share/test-com-package/hook/cmake_prefix_path.sh'
[14.452s] Level 1:colcon.colcon_core.environment:checking '/home/mini4ev/mini4ev-pro/install/test-com-package/lib'
[14.452s] Level 1:colcon.colcon_core.environment:checking '/home/mini4ev/mini4ev-pro/install/test-com-package/bin'
[14.452s] Level 1:colcon.colcon_core.environment:checking '/home/mini4ev/mini4ev-pro/install/test-com-package/lib/pkgconfig/test-com-package.pc'
[14.453s] Level 1:colcon.colcon_core.environment:checking '/home/mini4ev/mini4ev-pro/install/test-com-package/lib/python3.12/site-packages'
[14.453s] Level 1:colcon.colcon_core.environment:checking '/home/mini4ev/mini4ev-pro/install/test-com-package/bin'
[14.453s] INFO:colcon.colcon_core.shell:Creating package script '/home/mini4ev/mini4ev-pro/install/test-com-package/share/test-com-package/package.ps1'
[14.454s] INFO:colcon.colcon_core.shell:Creating package descriptor '/home/mini4ev/mini4ev-pro/install/test-com-package/share/test-com-package/package.dsv'
[14.455s] INFO:colcon.colcon_core.shell:Creating package script '/home/mini4ev/mini4ev-pro/install/test-com-package/share/test-com-package/package.sh'
[14.455s] INFO:colcon.colcon_core.shell:Creating package script '/home/mini4ev/mini4ev-pro/install/test-com-package/share/test-com-package/package.bash'
[14.456s] INFO:colcon.colcon_core.shell:Creating package script '/home/mini4ev/mini4ev-pro/install/test-com-package/share/test-com-package/package.zsh'
[14.456s] Level 1:colcon.colcon_core.environment:create_file_with_runtime_dependencies(/home/mini4ev/mini4ev-pro/install/test-com-package/share/colcon-core/packages/test-com-package)
[14.457s] DEBUG:colcon.colcon_parallel_executor.executor.parallel:closing loop
[14.457s] DEBUG:colcon.colcon_parallel_executor.executor.parallel:loop closed
[14.458s] DEBUG:colcon.colcon_parallel_executor.executor.parallel:run_until_complete finished with '0'
[14.458s] DEBUG:colcon.colcon_core.event_reactor:joining thread
[14.466s] INFO:colcon.colcon_core.plugin_system:Skipping extension 'colcon_notification.desktop_notification.terminal_notifier': Not used on non-Darwin systems
[14.467s] INFO:colcon.colcon_core.plugin_system:Skipping extension 'colcon_notification.desktop_notification.win32': Not used on non-Windows systems
[14.467s] INFO:colcon.colcon_notification.desktop_notification:Sending desktop notification using 'notify2'
[14.489s] DEBUG:colcon.colcon_core.event_reactor:joined thread
[14.489s] INFO:colcon.colcon_core.shell:Creating prefix script '/home/mini4ev/mini4ev-pro/install/local_setup.ps1'
[14.491s] INFO:colcon.colcon_core.shell:Creating prefix util module '/home/mini4ev/mini4ev-pro/install/_local_setup_util_ps1.py'
[14.493s] INFO:colcon.colcon_core.shell:Creating prefix chain script '/home/mini4ev/mini4ev-pro/install/setup.ps1'
[14.495s] INFO:colcon.colcon_core.shell:Creating prefix script '/home/mini4ev/mini4ev-pro/install/local_setup.sh'
[14.496s] INFO:colcon.colcon_core.shell:Creating prefix util module '/home/mini4ev/mini4ev-pro/install/_local_setup_util_sh.py'
[14.497s] INFO:colcon.colcon_core.shell:Creating prefix chain script '/home/mini4ev/mini4ev-pro/install/setup.sh'
[14.499s] INFO:colcon.colcon_core.shell:Creating prefix script '/home/mini4ev/mini4ev-pro/install/local_setup.bash'
[14.499s] INFO:colcon.colcon_core.shell:Creating prefix chain script '/home/mini4ev/mini4ev-pro/install/setup.bash'
[14.501s] INFO:colcon.colcon_core.shell:Creating prefix script '/home/mini4ev/mini4ev-pro/install/local_setup.zsh'
[14.502s] INFO:colcon.colcon_core.shell:Creating prefix chain script '/home/mini4ev/mini4ev-pro/install/setup.zsh'
